Dataset
   Country   Age   Salary  Purchased
0   France  44.0  72000.0      False
1    Spain  27.0  48000.0       True
2  Germany  30.0  54000.0      False
3    Spain  38.0  61000.0      False
4  Germany  40.0      NaN       True
5   France  35.0  58000.0       True
6    Spain   NaN  52000.0      False
7   France  48.0  79000.0       True
8  Germany  50.0  83000.0      False
9   France  37.0  67000.0       True

Raw feature matrix
	['France' 44.0 72000.0]
	['Spain' 27.0 48000.0]
	['Germany' 30.0 54000.0]
	['Spain' 38.0 61000.0]
	['Germany' 40.0 nan]
	['France' 35.0 58000.0]
	['Spain' nan 52000.0]
	['France' 48.0 79000.0]
	['Germany' 50.0 83000.0]
	['France' 37.0 67000.0]

Raw dependency matrix
	[False  True False False  True  True False  True False  True]

Imputed feature matrix
	['France' 44.0 72000.0]
	['Spain' 27.0 48000.0]
	['Germany' 30.0 54000.0]
	['Spain' 38.0 61000.0]
	['Germany' 40.0 63777.77777777778]
	['France' 35.0 58000.0]
	['Spain' 38.77777777777778 52000.0]
	['France' 48.0 79000.0]
	['Germany' 50.0 83000.0]
	['France' 37.0 67000.0]

One hot encoded feature matrix
	[1.0 0.0 0.0 44.0 72000.0]
	[0.0 0.0 1.0 27.0 48000.0]
	[0.0 1.0 0.0 30.0 54000.0]
	[0.0 0.0 1.0 38.0 61000.0]
	[0.0 1.0 0.0 40.0 63777.77777777778]
	[1.0 0.0 0.0 35.0 58000.0]
	[0.0 0.0 1.0 38.77777777777778 52000.0]
	[1.0 0.0 0.0 48.0 79000.0]
	[0.0 1.0 0.0 50.0 83000.0]
	[1.0 0.0 0.0 37.0 67000.0]

Labelled dependency matrix
	[0 1 0 0 1 1 0 1 0 1]

Training set of feature matrix
	[0.0 0.0 1.0 38.77777777777778 52000.0]
	[0.0 1.0 0.0 40.0 63777.77777777778]
	[1.0 0.0 0.0 44.0 72000.0]
	[0.0 0.0 1.0 38.0 61000.0]
	[0.0 0.0 1.0 27.0 48000.0]
	[1.0 0.0 0.0 48.0 79000.0]
	[0.0 1.0 0.0 50.0 83000.0]
	[1.0 0.0 0.0 35.0 58000.0]

Testing set of feature matrix
	[0.0 1.0 0.0 30.0 54000.0]
	[1.0 0.0 0.0 37.0 67000.0]

Training set of dependency matrix
	[0 1 0 0 1 1 0 1]

Testing set of dependency matrix
	[0 1]

Standardized feature training set
	[0.0 0.0 1.0 -0.19159184384578545 -1.0781259408412425]
	[0.0 1.0 0.0 -0.014117293757057777 -0.07013167641635372]
	[1.0 0.0 0.0 0.566708506533324 0.633562432710455]
	[0.0 0.0 1.0 -0.30453019390224867 -0.30786617274297867]
	[0.0 0.0 1.0 -1.9018011447007988 -1.420463615551582]
	[1.0 0.0 0.0 1.1475343068237058 1.232653363453549]
	[0.0 1.0 0.0 1.4379472069688968 1.5749910381638885]
	[1.0 0.0 0.0 -0.7401495441200351 -0.5646194287757332]

Standardized feature test set
	[0.0 1.0 0.0 -1.4661817944830124 -0.9069571034860727]
	[1.0 0.0 0.0 -0.44973664397484414 0.2056403393225306]

Min max scaled feature training set
	[0.0 0.0 1.0 0.5120772946859904 0.11428571428571427]
	[0.0 1.0 0.0 0.5652173913043478 0.4507936507936508]
	[1.0 0.0 0.0 0.7391304347826086 0.6857142857142856]
	[0.0 0.0 1.0 0.4782608695652174 0.37142857142857133]
	[0.0 0.0 1.0 0.0 0.0]
	[1.0 0.0 0.0 0.9130434782608696 0.8857142857142856]
	[0.0 1.0 0.0 1.0 0.9999999999999998]
	[1.0 0.0 0.0 0.34782608695652173 0.28571428571428564]

Max abs scaled feature training set
	[0.0 0.0 1.0 0.5120772946859904 0.1142857142857143]
	[0.0 1.0 0.0 0.5652173913043478 0.4507936507936509]
	[1.0 0.0 0.0 0.7391304347826086 0.6857142857142857]
	[0.0 0.0 1.0 0.4782608695652174 0.3714285714285714]
	[0.0 0.0 1.0 0.0 0.0]
	[1.0 0.0 0.0 0.9130434782608696 0.8857142857142858]
	[0.0 1.0 0.0 1.0 1.0]
	[1.0 0.0 0.0 0.34782608695652173 0.2857142857142857]

Robust scaler scaled feature training set
	[0.0 0.0 1.0 -0.07885304659498177 -0.6022544283413851]
	[0.0 1.0 0.0 0.0788530465949821 0.08051529790660243]
	[1.0 0.0 0.0 0.5949820788530467 0.5571658615136876]
	[0.0 0.0 1.0 -0.17921146953404998 -0.08051529790660243]
	[0.0 0.0 1.0 -1.5985663082437274 -0.8341384863123996]
	[1.0 0.0 0.0 1.1111111111111114 0.9629629629629632]
	[0.0 1.0 0.0 1.3691756272401436 1.1948470209339774]
	[1.0 0.0 0.0 -0.5663082437275985 -0.25442834138486325]
